TN:
SF:src/routes/api/conversations/+server.ts
FN:13,(anonymous_0)
FN:33,(anonymous_1)
FNF:2
FNH:2
FNDA:6,(anonymous_0)
FNDA:8,(anonymous_1)
DA:13,1
DA:14,6
DA:15,6
DA:16,6
DA:17,6
DA:18,6
DA:20,4
DA:21,4
DA:22,1
DA:25,3
DA:26,3
DA:27,3
DA:28,6
DA:30,6
DA:33,1
DA:34,8
DA:35,8
DA:36,7
DA:37,7
DA:38,6
DA:39,1
DA:41,5
DA:44,5
DA:46,5
DA:47,3
DA:48,3
DA:49,1
DA:51,2
DA:52,2
DA:61,4
DA:62,4
DA:63,0
DA:75,4
DA:76,0
DA:77,0
DA:78,0
DA:79,0
DA:86,4
DA:98,4
LF:39
LH:34
BRDA:15,0,0,0
BRDA:15,0,1,6
BRDA:18,1,0,1
BRDA:18,1,1,5
BRDA:21,2,0,1
BRDA:21,2,1,3
BRDA:27,3,0,1
BRDA:27,3,1,2
BRDA:27,4,0,1
BRDA:27,4,1,0
BRDA:28,5,0,1
BRDA:28,5,1,2
BRDA:28,6,0,1
BRDA:28,6,1,0
BRDA:35,7,0,1
BRDA:35,7,1,7
BRDA:38,8,0,1
BRDA:38,8,1,5
BRDA:46,9,0,3
BRDA:46,9,1,2
BRDA:48,10,0,1
BRDA:48,10,1,2
BRDA:52,11,0,1
BRDA:52,11,1,1
BRDA:62,12,0,0
BRDA:62,12,1,4
BRDA:62,13,0,4
BRDA:62,13,1,0
BRDA:75,14,0,0
BRDA:75,14,1,4
BRDA:77,15,0,0
BRDA:77,15,1,0
BRDA:78,16,0,0
BRDA:78,16,1,0
BRF:34
BRH:24
end_of_record
TN:
SF:src/routes/api/mcp-servers/[id]/+server.ts
FN:6,(anonymous_0)
FN:6,(anonymous_1)
FNF:2
FNH:2
FNDA:29,(anonymous_0)
FNDA:16,(anonymous_1)
DA:6,29
DA:7,16
DA:8,16
DA:9,12
LF:4
LH:4
BRDA:8,0,0,4
BRDA:8,0,1,12
BRDA:8,1,0,16
BRDA:8,1,1,13
BRF:4
BRH:4
end_of_record
