SF:web/src/lib/server/security/api-keys.ts
FNF:0
FNH:0
DA:1,132
DA:2,360
DA:7,360
DA:20,748
DA:46,30
DA:47,84
DA:48,84
DA:49,99
DA:50,115
DA:53,39
DA:54,93
DA:59,183
DA:62,46
DA:63,62
DA:64,86
DA:65,12
DA:69,100
DA:72,32
DA:73,58
DA:74,58
DA:75,74
DA:76,44
DA:77,2
DA:78,4
DA:79,6
DA:84,111
DA:85,156
DA:86,144
DA:87,72
DA:88,123
DA:89,84
DA:90,87
DA:91,168
DA:92,24
DA:93,39
DA:94,192
DA:95,18
DA:98,48
DA:99,87
DA:100,87
DA:101,111
DA:102,66
DA:103,3
DA:104,4
DA:105,4
DA:106,26
DA:109,12
DA:110,16
DA:111,14
DA:112,6
DA:115,130
DA:116,178
DA:148,6
DA:149,8
DA:150,3
DA:151,50
DA:152,71
LF:57
LH:57
end_of_record
SF:web/src/lib/server/security/rate-limiter.ts
FNF:0
FNH:0
DA:23,3
DA:25,39
DA:26,306
DA:27,234
DA:28,30
DA:30,123
DA:31,162
DA:32,258
DA:33,240
DA:35,375
DA:36,498
DA:37,159
DA:38,27
DA:40,177
DA:41,120
DA:42,159
DA:43,27
DA:45,498
DA:46,270
DA:47,135
DA:48,192
DA:49,27
DA:50,465
DA:64,40
DA:65,54
DA:66,86
DA:67,80
DA:69,125
DA:70,53
DA:71,9
DA:72,59
DA:73,53
DA:74,9
DA:75,166
DA:76,269
DA:79,23
DA:80,54
DA:81,95
DA:82,109
DA:83,62
DA:84,9
DA:85,23
DA:94,0
DA:95,78
DA:97,3
LF:45
LH:44
end_of_record
SF:web/src/lib/server/security/openai-extension-creds.ts
FNF:0
FNH:0
DA:22,64
DA:23,72
DA:24,64
DA:25,53
DA:26,61
DA:28,62
DA:29,41
DA:35,6
DA:36,8
DA:37,13
DA:38,3
DA:39,17
DA:40,84
DA:41,104
DA:42,11
DA:53,10
DA:54,9
DA:55,62
DA:56,59
DA:57,13
DA:58,40
DA:59,53
DA:60,11
DA:64,2
DA:65,2
DA:68,40
DA:69,29
DA:70,12
DA:83,10
DA:84,13
DA:85,9
DA:86,53
DA:87,0
DA:88,2
DA:90,70
DA:92,12
DA:93,9
DA:94,39
DA:95,11
DA:96,13
DA:98,59
DA:102,63
DA:103,35
DA:105,9
DA:106,91
DA:107,21
DA:108,52
DA:109,30
DA:110,13
DA:111,86
DA:112,4
DA:117,4
DA:121,70
DA:122,15
DA:123,24
DA:124,11
DA:125,12
DA:130,6
DA:131,44
DA:132,12
DA:135,4
DA:136,3
DA:137,59
DA:138,74
DA:139,68
DA:140,11
DA:141,85
DA:142,51
DA:143,13
DA:144,10
DA:146,3
LF:71
LH:70
end_of_record
SF:web/src/lib/server/security/system-user.ts
FNF:0
FNH:0
DA:39,66
DA:40,134
DA:41,106
DA:46,48
DA:53,8
DA:54,130
DA:55,52
DA:56,5
DA:57,16
DA:58,104
DA:59,1
DA:60,4
DA:61,58
DA:68,38
DA:69,90
DA:75,12
DA:76,30
DA:77,24
DA:78,6
DA:79,88
DA:80,82
DA:81,72
DA:85,130
DA:86,106
DA:87,44
DA:88,14
DA:89,84
DA:90,34
DA:91,104
DA:92,38
DA:93,36
DA:94,10
DA:95,18
LF:33
LH:33
end_of_record
SF:web/src/lib/server/security/bearer-auth.ts
FNF:0
FNH:0
DA:9,61
DA:10,93
DA:14,55
DA:15,40
DA:17,40
DA:26,52
DA:56,6
DA:57,7
DA:58,11
DA:59,3
DA:60,56
DA:61,34
DA:72,45
DA:81,60
DA:82,66
DA:83,36
DA:101,43
DA:102,39
DA:106,56
DA:107,31
DA:108,6
DA:109,53
DA:110,13
DA:111,46
DA:116,52
DA:117,38
DA:120,72
DA:126,63
DA:127,51
DA:128,35
DA:129,33
DA:130,11
DA:131,7
DA:132,11
DA:138,4
DA:140,27
DA:141,26
DA:142,16
DA:143,26
DA:144,18
DA:145,6
DA:146,54
DA:147,11
DA:148,2
DA:150,9
DA:151,44
DA:152,34
DA:165,52
DA:166,61
DA:167,22
DA:168,73
DA:170,27
DA:171,25
DA:172,16
DA:173,25
DA:180,23
DA:181,6
DA:182,47
DA:183,12
DA:184,11
DA:186,12
LF:61
LH:61
end_of_record
SF:web/src/lib/server/security/internal-auth.ts
FNF:0
FNH:0
DA:47,99
DA:53,135
DA:69,63
DA:73,27
DA:74,192
DA:88,93
DA:89,42
DA:90,24
DA:91,57
DA:92,9
DA:94,63
DA:95,245
DA:96,120
DA:97,147
DA:100,132
DA:101,107
DA:104,165
DA:105,41
DA:106,22
DA:107,45
DA:108,6
DA:116,201
DA:121,90
DA:122,105
DA:123,6
DA:124,90
DA:141,18
DA:142,45
DA:143,24
DA:144,24
DA:145,9
DA:146,173
DA:147,63
DA:148,6
DA:149,131
DA:150,84
DA:151,6
DA:152,77
DA:153,68
DA:154,6
DA:155,92
DA:159,85
DA:160,6
DA:161,243
DA:162,108
DA:163,90
DA:164,30
DA:165,66
DA:166,33
DA:167,54
DA:168,33
DA:169,69
DA:170,15
DA:171,66
DA:176,48
DA:177,71
DA:181,33
DA:182,48
DA:208,18
DA:209,15
DA:210,36
DA:211,9
DA:212,230
DA:213,153
DA:215,96
DA:216,57
DA:217,120
DA:221,171
DA:222,54
DA:223,6
DA:224,6
DA:225,70
DA:226,36
DA:230,75
DA:231,75
DA:232,132
DA:233,69
DA:234,108
DA:235,6
DA:242,16
DA:247,6
DA:248,100
DA:249,70
DA:250,38
DA:251,42
DA:252,48
DA:253,4
LF:87
LH:87
end_of_record
SF:web/src/lib/server/security/resource-quotas.ts
FNF:0
FNH:0
DA:1,72
DA:3,25
DA:4,19
DA:5,24
DA:6,19
DA:7,22
DA:8,1
DA:19,6
DA:20,46
DA:23,16
DA:24,50
DA:25,42
DA:26,85
DA:28,46
DA:30,28
DA:31,49
DA:32,35
DA:33,60
DA:36,24
DA:37,50
DA:38,45
DA:39,45
DA:42,6
DA:43,8
DA:44,10
DA:45,13
DA:46,3
DA:47,43
DA:48,79
DA:49,41
LF:30
LH:30
end_of_record
SF:web/src/lib/server/security/bundled-creds.ts
FNF:0
FNH:0
DA:22,64
DA:23,94
DA:27,68
DA:38,29
DA:42,68
DA:43,2
DA:49,6
DA:50,19
DA:51,3
DA:52,42
DA:53,33
DA:54,33
DA:58,48
DA:59,29
DA:60,70
DA:61,2
DA:62,31
DA:78,6
DA:79,44
DA:80,18
DA:81,3
DA:82,46
DA:83,43
DA:84,96
DA:86,44
DA:87,52
DA:88,8
DA:89,4
DA:90,62
DA:91,82
DA:92,51
DA:93,26
DA:94,28
DA:95,5
DA:96,2
DA:101,6
DA:102,44
DA:103,3
DA:104,43
DA:105,42
DA:106,48
DA:107,2
DA:111,11
DA:112,25
LF:44
LH:44
end_of_record
SF:web/src/lib/server/security/payload.ts
FNF:0
FNH:0
DA:1,50
DA:2,68
DA:6,68
DA:12,56
DA:13,4
DA:15,45
DA:17,19
DA:18,66
DA:19,51
DA:20,2
DA:21,7
DA:24,19
DA:25,21
DA:26,5
DA:27,31
DA:28,22
DA:29,3
DA:30,15
DA:31,1
LF:19
LH:19
end_of_record
