TN:ezcorp-node-v8
SF:packages/@ezcorp/factory-orchestrator/src/contracts.ts
FN:26,factoryWorkflowId
FNDA:55,factoryWorkflowId
FNF:1
FNH:1
BRDA:1,0,0,11
BRDA:26,1,0,55
BRDA:28,2,0,24
BRDA:28,3,0,48
BRDA:28,4,0,3
BRF:5
BRH:5
DA:1,11
DA:2,11
DA:3,11
DA:4,11
DA:5,11
DA:6,11
DA:7,11
DA:8,11
DA:9,11
DA:10,11
DA:11,11
DA:12,11
DA:13,11
DA:14,11
DA:15,11
DA:16,11
DA:17,11
DA:18,11
DA:19,11
DA:20,11
DA:21,11
DA:22,11
DA:23,11
DA:24,11
DA:25,11
DA:26,11
DA:27,55
DA:28,55
DA:29,55
DA:30,11
DA:31,11
DA:32,11
DA:33,11
DA:34,11
DA:35,11
DA:36,11
DA:37,11
DA:38,11
DA:39,11
DA:40,11
DA:41,11
DA:42,11
DA:43,11
DA:44,11
DA:45,11
DA:46,11
DA:47,11
DA:48,11
DA:49,11
DA:50,11
DA:51,11
DA:52,11
DA:53,11
DA:54,11
DA:55,11
DA:56,11
DA:57,11
DA:58,11
DA:59,11
DA:60,11
DA:61,11
DA:62,11
DA:63,11
DA:64,11
DA:65,11
DA:66,11
DA:67,11
DA:68,11
DA:69,11
DA:70,11
DA:71,11
DA:72,11
DA:73,11
DA:74,11
DA:75,11
DA:76,11
DA:77,11
DA:78,11
DA:79,11
DA:80,11
DA:81,11
DA:82,11
DA:83,11
DA:84,11
DA:85,11
DA:86,11
DA:87,11
DA:88,11
DA:89,11
DA:90,11
DA:91,11
DA:92,11
DA:93,11
DA:94,11
DA:95,11
DA:96,11
DA:97,11
DA:98,11
DA:99,11
DA:100,11
DA:101,11
DA:102,11
DA:103,11
DA:104,11
DA:105,11
DA:106,11
DA:107,11
DA:108,11
DA:109,11
DA:110,11
DA:111,11
DA:112,11
DA:113,11
DA:114,11
DA:115,11
DA:116,11
DA:117,11
DA:118,11
DA:119,11
DA:120,11
DA:121,11
DA:122,11
DA:123,11
DA:124,11
DA:125,11
DA:126,11
DA:127,11
DA:128,11
DA:129,11
DA:130,11
DA:131,11
DA:132,11
DA:133,11
DA:134,11
DA:135,11
DA:136,11
DA:137,11
DA:138,11
DA:139,11
DA:140,11
DA:141,11
DA:142,11
DA:143,11
DA:144,11
DA:145,11
DA:146,11
DA:147,11
DA:148,11
DA:149,11
DA:150,11
DA:151,11
DA:152,11
DA:153,11
DA:154,11
DA:155,11
DA:156,11
DA:157,11
DA:158,11
DA:159,11
DA:160,11
DA:161,11
DA:162,11
DA:163,11
DA:164,11
DA:165,11
DA:166,11
DA:167,11
DA:168,11
DA:169,11
DA:170,11
DA:171,11
DA:172,11
DA:173,11
DA:174,11
DA:175,11
DA:176,11
DA:177,11
DA:178,11
DA:179,11
DA:180,11
DA:181,11
DA:182,11
DA:183,11
DA:184,11
DA:185,11
DA:186,11
DA:187,11
DA:188,11
DA:189,11
DA:190,11
DA:191,11
DA:192,11
DA:193,11
DA:194,11
DA:195,11
DA:196,11
DA:197,11
DA:198,11
DA:199,11
DA:200,11
DA:201,11
DA:202,11
DA:203,11
DA:204,11
LH:204
LF:204
end_of_record
SF:packages/@ezcorp/factory-orchestrator/src/definition-pages.ts
FN:16,sameReference
FN:20,assertManifestIdentity
FN:28,loadPageReferences
FN:51,loadCompiledFactory
FN:44,anonymous_4
FNDA:530,sameReference
FNDA:530,assertManifestIdentity
FNDA:532,loadPageReferences
FNDA:13,loadCompiledFactory
FNDA:4,anonymous_4
FNF:5
FNH:5
BRDA:1,0,0,2
BRDA:16,1,0,530
BRDA:17,2,0,529
BRDA:17,3,0,529
BRDA:20,4,0,530
BRDA:22,5,0,1
BRDA:22,6,0,529
BRDA:23,7,0,528
BRDA:23,8,0,1
BRDA:28,9,0,13
BRDA:32,10,0,532
BRDA:34,11,0,1
BRDA:34,12,0,531
BRDA:35,13,0,1
BRDA:35,14,0,530
BRDA:40,15,0,1
BRDA:40,16,0,527
BRDA:42,17,0,8
BRDA:43,18,0,1
BRDA:43,19,0,7
BRDA:45,20,0,10
BRDA:46,21,0,1
BRDA:47,22,0,6
BRDA:51,23,0,13
BRDA:53,24,0,6
BRDA:56,25,0,9
BRDA:61,26,0,6
BRDA:62,27,0,1
BRDA:62,28,0,5
BRDA:66,29,0,1
BRDA:68,30,0,4
BRDA:69,31,0,3
BRDA:69,32,0,3
BRDA:71,33,0,1
BRDA:44,34,0,4
BRF:35
BRH:35
DA:1,2
DA:2,2
DA:3,2
DA:4,2
DA:5,2
DA:6,2
DA:7,2
DA:8,2
DA:9,2
DA:10,2
DA:11,2
DA:12,2
DA:13,2
DA:14,2
DA:15,2
DA:16,530
DA:17,530
DA:18,530
DA:19,2
DA:20,530
DA:21,530
DA:22,530
DA:23,530
DA:24,1
DA:25,1
DA:26,530
DA:27,2
DA:28,13
DA:29,13
DA:30,13
DA:31,13
DA:32,13
DA:33,532
DA:34,532
DA:35,532
DA:36,530
DA:37,530
DA:38,530
DA:39,530
DA:40,532
DA:41,527
DA:42,527
DA:43,13
DA:44,7
DA:45,13
DA:46,10
DA:47,10
DA:48,6
DA:49,13
DA:50,2
DA:51,2
DA:52,13
DA:53,13
DA:54,6
DA:55,6
DA:56,13
DA:57,9
DA:58,9
DA:59,9
DA:60,9
DA:61,9
DA:62,13
DA:63,5
DA:64,5
DA:65,5
DA:66,13
DA:67,1
DA:68,1
DA:69,13
DA:70,3
DA:71,3
DA:72,1
DA:73,13
LH:73
LF:73
end_of_record
SF:packages/@ezcorp/factory-orchestrator/src/dispatcher.ts
FN:24,<instance_members_initializer>
FN:29,commandWorkflowId
FN:35,startInput
FN:53,startIdentity
FN:63,sameStartIdentity
FN:68,reconcileFactoryCommand
FN:91,deliverFactoryCommand
FN:118,classifyDispatchError
FN:122,dispatchClaim
FN:138,reconcileClaim
FN:144,dispatchNext
FN:65,anonymous_11
FN:83,anonymous_12
FNDA:1,<instance_members_initializer>
FNDA:26,commandWorkflowId
FNDA:14,startInput
FNDA:11,startIdentity
FNDA:3,sameStartIdentity
FNDA:18,reconcileFactoryCommand
FNDA:28,deliverFactoryCommand
FNDA:4,classifyDispatchError
FNDA:6,dispatchClaim
FNDA:2,reconcileClaim
FNDA:12,dispatchNext
FNDA:7,anonymous_11
FNDA:1,anonymous_12
FNF:13
FNH:13
BRDA:1,0,0,6
BRDA:24,1,0,1
BRDA:29,2,0,26
BRDA:30,3,0,2
BRDA:30,4,0,22
BRDA:31,5,0,22
BRDA:30,6,0,1
BRDA:31,7,0,1
BRDA:35,8,0,14
BRDA:36,9,0,10
BRDA:36,10,0,9
BRDA:36,11,0,3
BRDA:38,12,0,8
BRDA:43,13,0,7
BRDA:44,14,0,7
BRDA:45,15,0,7
BRDA:46,16,0,7
BRDA:47,17,0,2
BRDA:48,18,0,5
BRDA:49,19,0,3
BRDA:49,20,0,5
BRDA:53,21,0,11
BRDA:63,22,0,3
BRDA:64,23,0,0
BRDA:68,24,0,18
BRDA:75,25,0,3
BRDA:78,26,0,1
BRDA:79,27,0,1
BRDA:80,28,0,14
BRDA:81,29,0,13
BRDA:81,30,0,1
BRDA:81,31,0,13
BRDA:82,32,0,8
BRDA:83,33,0,1
BRDA:83,34,0,7
BRDA:84,35,0,5
BRDA:84,36,0,4
BRDA:84,37,0,3
BRDA:84,38,0,4
BRDA:85,39,0,3
BRDA:85,40,0,1
BRDA:86,41,0,6
BRDA:91,42,0,28
BRDA:92,43,0,1
BRDA:92,44,0,24
BRDA:93,45,0,11
BRDA:106,46,0,4
BRDA:107,47,0,4
BRDA:108,48,0,2
BRDA:108,49,0,2
BRDA:109,50,0,5
BRDA:111,51,0,13
BRDA:112,52,0,12
BRDA:112,53,0,11
BRDA:112,54,0,3
BRDA:112,55,0,10
BRDA:115,56,0,3
BRDA:118,57,0,4
BRDA:119,58,0,1
BRDA:119,59,0,3
BRDA:122,60,0,6
BRDA:124,61,0,1
BRDA:127,62,0,5
BRDA:128,63,0,1
BRDA:131,64,0,4
BRDA:133,65,0,3
BRDA:133,66,0,1
BRDA:133,67,0,4
BRDA:138,68,0,2
BRDA:140,69,0,1
BRDA:144,70,0,12
BRDA:146,71,0,1
BRDA:146,72,0,1
BRDA:65,73,0,7
BRDA:83,74,0,1
BRF:75
BRH:74
DA:1,6
DA:2,6
DA:3,6
DA:4,6
DA:5,6
DA:6,6
DA:7,6
DA:8,6
DA:9,6
DA:10,6
DA:11,6
DA:12,6
DA:13,6
DA:14,6
DA:15,6
DA:16,6
DA:17,6
DA:18,6
DA:19,6
DA:20,6
DA:21,6
DA:22,6
DA:23,6
DA:24,6
DA:25,6
DA:26,6
DA:27,6
DA:28,6
DA:29,26
DA:30,26
DA:31,26
DA:32,22
DA:33,26
DA:34,6
DA:35,14
DA:36,14
DA:37,3
DA:38,3
DA:39,8
DA:40,8
DA:41,8
DA:42,8
DA:43,14
DA:44,14
DA:45,14
DA:46,14
DA:47,7
DA:48,7
DA:49,14
DA:50,5
DA:51,14
DA:52,6
DA:53,11
DA:54,11
DA:55,11
DA:56,11
DA:57,11
DA:58,11
DA:59,11
DA:60,11
DA:61,11
DA:62,6
DA:63,3
DA:64,3
DA:65,3
DA:66,3
DA:67,6
DA:68,6
DA:69,18
DA:70,18
DA:71,18
DA:72,18
DA:73,18
DA:74,18
DA:75,18
DA:76,3
DA:77,3
DA:78,3
DA:79,3
DA:80,3
DA:81,18
DA:82,13
DA:83,18
DA:84,18
DA:85,18
DA:86,18
DA:87,6
DA:88,6
DA:89,18
DA:90,6
DA:91,6
DA:92,28
DA:93,28
DA:94,11
DA:95,11
DA:96,11
DA:97,11
DA:98,11
DA:99,11
DA:100,11
DA:101,11
DA:102,11
DA:103,11
DA:104,11
DA:105,11
DA:106,11
DA:107,11
DA:108,4
DA:109,4
DA:110,5
DA:111,5
DA:112,28
DA:113,10
DA:114,10
DA:115,10
DA:116,28
DA:117,6
DA:118,6
DA:119,4
DA:120,4
DA:121,6
DA:122,6
DA:123,6
DA:124,6
DA:125,1
DA:126,1
DA:127,6
DA:128,5
DA:129,1
DA:130,1
DA:131,1
DA:132,4
DA:133,5
DA:134,4
DA:135,4
DA:136,6
DA:137,6
DA:138,6
DA:139,2
DA:140,2
DA:141,2
DA:142,2
DA:143,6
DA:144,6
DA:145,12
DA:146,12
DA:147,12
LH:147
LF:147
end_of_record
SF:packages/@ezcorp/factory-orchestrator/src/gateway-activities.ts
FN:29,sha256
FN:33,assertObjectBytes
FN:37,parseJson
FN:45,commandPath
FN:52,createGatewayFactoryActivities
FN:54,request
FN:56,anonymous_6
FN:65,stageTransitionPage
FN:72,finalizeTransitionArtifact
FN:79,recordTransition
FN:82,executeCommand
FN:90,resolveFactory
FN:97,loadManifestPage
FN:105,loadDefinitionPage
FN:110,loadExecutionManifest
FN:115,loadPartitionArtifact
FN:120,loadTransitionManifest
FN:125,loadTransitionPage
FNDA:11,sha256
FNDA:11,assertObjectBytes
FNDA:14,parseJson
FNDA:3,commandPath
FNDA:11,createGatewayFactoryActivities
FNDA:33,request
FNDA:4,anonymous_6
FNDA:3,stageTransitionPage
FNDA:2,finalizeTransitionArtifact
FNDA:10,recordTransition
FNDA:3,executeCommand
FNDA:3,resolveFactory
FNDA:1,loadManifestPage
FNDA:4,loadDefinitionPage
FNDA:2,loadExecutionManifest
FNDA:2,loadPartitionArtifact
FNDA:1,loadTransitionManifest
FNDA:2,loadTransitionPage
FNF:18
FNH:18
BRDA:1,0,0,4
BRDA:29,1,0,11
BRDA:33,2,0,11
BRDA:34,3,0,3
BRDA:37,4,0,14
BRDA:40,5,0,1
BRDA:45,6,0,3
BRDA:47,7,0,1
BRDA:47,8,0,2
BRDA:48,9,0,1
BRDA:52,10,0,11
BRDA:53,11,0,8
BRDA:54,12,0,33
BRDA:56,13,0,21
BRDA:56,14,0,4
BRDA:65,15,0,3
BRDA:69,16,0,2
BRDA:69,17,0,1
BRDA:69,18,0,2
BRDA:72,19,0,2
BRDA:76,20,0,1
BRDA:79,21,0,10
BRDA:80,22,0,3
BRDA:82,23,0,3
BRDA:85,24,0,2
BRDA:85,25,0,1
BRDA:85,26,0,2
BRDA:90,27,0,3
BRDA:94,28,0,1
BRDA:97,29,0,1
BRDA:105,30,0,4
BRDA:106,31,0,3
BRDA:110,32,0,2
BRDA:115,33,0,2
BRDA:120,34,0,1
BRDA:125,35,0,2
BRF:36
BRH:36
DA:1,4
DA:2,4
DA:3,4
DA:4,4
DA:5,4
DA:6,4
DA:7,4
DA:8,4
DA:9,4
DA:10,4
DA:11,4
DA:12,4
DA:13,4
DA:14,4
DA:15,4
DA:16,4
DA:17,4
DA:18,4
DA:19,4
DA:20,4
DA:21,4
DA:22,4
DA:23,4
DA:24,4
DA:25,4
DA:26,4
DA:27,4
DA:28,4
DA:29,11
DA:30,11
DA:31,11
DA:32,4
DA:33,11
DA:34,11
DA:35,11
DA:36,4
DA:37,14
DA:38,14
DA:39,14
DA:40,14
DA:41,1
DA:42,1
DA:43,14
DA:44,4
DA:45,3
DA:46,3
DA:47,3
DA:48,3
DA:49,1
DA:50,3
DA:51,4
DA:52,4
DA:53,11
DA:54,8
DA:55,33
DA:56,33
DA:57,33
DA:58,33
DA:59,33
DA:60,33
DA:61,33
DA:62,8
DA:63,8
DA:64,8
DA:65,8
DA:66,3
DA:67,3
DA:68,3
DA:69,3
DA:70,2
DA:71,8
DA:72,8
DA:73,2
DA:74,2
DA:75,2
DA:76,2
DA:77,1
DA:78,8
DA:79,8
DA:80,10
DA:81,8
DA:82,8
DA:83,3
DA:84,3
DA:85,3
DA:86,2
DA:87,2
DA:88,2
DA:89,8
DA:90,8
DA:91,3
DA:92,3
DA:93,3
DA:94,3
DA:95,1
DA:96,8
DA:97,8
DA:98,1
DA:99,1
DA:100,1
DA:101,1
DA:102,1
DA:103,1
DA:104,8
DA:105,8
DA:106,4
DA:107,3
DA:108,3
DA:109,8
DA:110,8
DA:111,2
DA:112,2
DA:113,2
DA:114,8
DA:115,8
DA:116,2
DA:117,2
DA:118,2
DA:119,8
DA:120,8
DA:121,1
DA:122,1
DA:123,1
DA:124,8
DA:125,8
DA:126,2
DA:127,2
DA:128,2
DA:129,8
DA:130,8
DA:131,11
LH:131
LF:131
end_of_record
SF:packages/@ezcorp/factory-orchestrator/src/inbox.ts
FN:11,acceptFactoryInbox
FNDA:129,acceptFactoryInbox
FNF:1
FNH:1
BRDA:1,0,0,2
BRDA:11,1,0,9
BRDA:18,2,0,1
BRDA:19,3,0,0
BRDA:20,4,0,8
BRDA:21,5,0,1
BRDA:21,6,0,7
BRDA:23,7,0,3
BRDA:24,8,0,2
BRDA:25,9,0,2
BRDA:26,10,0,1
BRDA:27,11,0,4
BRDA:28,12,0,129
BRDA:29,13,0,1
BRDA:29,14,0,1
BRDA:30,15,0,3
BRDA:31,16,0,2
BRDA:31,17,0,2
BRDA:31,18,0,1
BRF:19
BRH:18
DA:1,2
DA:2,2
DA:3,2
DA:4,2
DA:5,2
DA:6,2
DA:7,2
DA:8,2
DA:9,2
DA:10,2
DA:11,2
DA:12,9
DA:13,9
DA:14,9
DA:15,9
DA:16,9
DA:17,9
DA:18,9
DA:19,1
DA:20,1
DA:21,9
DA:22,7
DA:23,9
DA:24,3
DA:25,3
DA:26,3
DA:27,3
DA:28,9
DA:29,129
DA:30,129
DA:31,9
DA:32,1
DA:33,1
DA:34,9
LH:34
LF:34
end_of_record
SF:packages/@ezcorp/factory-orchestrator/src/index.ts
FNF:0
FNH:0
BRDA:1,0,0,1
BRF:1
BRH:1
DA:1,1
DA:2,1
DA:3,1
DA:4,1
DA:5,1
DA:6,1
DA:7,1
DA:8,1
DA:9,1
DA:10,1
DA:11,1
LH:11
LF:11
end_of_record
SF:packages/@ezcorp/factory-orchestrator/src/partition-plan.ts
FN:9,requireValid
FN:15,localSuccessors
FN:28,loadPartitionKernelPlan
FN:16,anonymous_3
FNDA:7,requireValid
FNDA:3,localSuccessors
FNDA:4,loadPartitionKernelPlan
FNDA:3,anonymous_3
FNF:4
FNH:4
BRDA:1,0,0,2
BRDA:9,1,0,7
BRDA:10,2,0,5
BRDA:10,3,0,2
BRDA:12,4,0,0
BRDA:12,5,0,2
BRDA:12,6,0,0
BRDA:15,7,0,1
BRDA:18,8,0,3
BRDA:19,9,0,3
BRDA:20,10,0,1
BRDA:20,11,0,2
BRDA:20,12,0,0
BRDA:21,13,0,2
BRDA:23,14,0,3
BRDA:28,15,0,4
BRDA:40,16,0,1
BRDA:16,17,0,3
BRF:18
BRH:15
DA:1,2
DA:2,2
DA:3,2
DA:4,2
DA:5,2
DA:6,2
DA:7,2
DA:8,2
DA:9,7
DA:10,7
DA:11,2
DA:12,7
DA:13,7
DA:14,2
DA:15,1
DA:16,1
DA:17,1
DA:18,1
DA:19,1
DA:20,3
DA:21,3
DA:22,3
DA:23,1
DA:24,1
DA:25,1
DA:26,2
DA:27,2
DA:28,2
DA:29,4
DA:30,4
DA:31,4
DA:32,4
DA:33,4
DA:34,4
DA:35,4
DA:36,4
DA:37,4
DA:38,4
DA:39,4
DA:40,4
DA:41,1
DA:42,1
DA:43,1
DA:44,1
DA:45,1
DA:46,1
DA:47,1
DA:48,1
DA:49,1
DA:50,1
DA:51,1
DA:52,1
DA:53,1
DA:54,1
DA:55,1
DA:56,1
DA:57,1
DA:58,1
DA:59,1
DA:60,1
DA:61,4
LH:61
LF:61
end_of_record
SF:packages/@ezcorp/factory-orchestrator/src/process.ts
FN:75,boundedInteger
FN:81,validIdentity
FN:85,validateOptions
FN:94,connectTemporal
FN:106,wait
FN:123,createRuntime
FN:150,probeWorker
FN:169,stopSignal
FN:177,runDispatcher
FN:185,runFactoryOrchestratorProcess
FN:108,anonymous_10
FN:109,complete
FN:114,stop
FN:132,dispatch
FN:133,probeGateway
FN:154,anonymous_15
FN:160,anonymous_16
FN:171,stop
FN:174,dispose
FN:209,anonymous_19
FN:210,anonymous_20
FN:211,anonymous_21
FN:250,anonymous_22
FNDA:16,boundedInteger
FNDA:12,validIdentity
FNDA:4,validateOptions
FNDA:1,connectTemporal
FNDA:33,wait
FNDA:1,createRuntime
FNDA:42,probeWorker
FNDA:5,stopSignal
FNDA:53,runDispatcher
FNDA:6,runFactoryOrchestratorProcess
FNDA:32,anonymous_10
FNDA:30,complete
FNDA:2,stop
FNDA:10,dispatch
FNDA:1,probeGateway
FNDA:40,anonymous_15
FNDA:20,anonymous_16
FNDA:2,stop
FNDA:5,dispose
FNDA:5,anonymous_19
FNDA:5,anonymous_20
FNDA:0,anonymous_21
FNDA:10,anonymous_22
FNF:23
FNH:22
BRDA:1,0,0,4
BRDA:75,1,0,16
BRDA:76,2,0,1
BRDA:77,3,0,0
BRDA:81,4,0,12
BRDA:85,5,0,4
BRDA:87,6,0,0
BRDA:94,7,0,1
BRDA:106,8,0,33
BRDA:107,9,0,2
BRDA:107,10,0,1
BRDA:107,11,0,2
BRDA:123,12,0,1
BRDA:150,13,0,6
BRDA:152,14,0,42
BRDA:152,15,0,40
BRDA:160,16,0,4
BRDA:162,17,0,0
BRDA:163,18,0,16
BRDA:165,19,0,1
BRDA:169,20,0,5
BRDA:173,21,0,0
BRDA:177,22,0,5
BRDA:179,23,0,53
BRDA:185,24,0,4
BRDA:187,25,0,0
BRDA:188,26,0,0
BRDA:189,27,0,0
BRDA:195,28,0,6
BRDA:195,29,0,4
BRDA:215,30,0,3
BRDA:216,31,0,0
BRDA:216,32,0,3
BRDA:221,33,0,2
BRDA:227,34,0,0
BRDA:231,35,0,1
BRDA:240,36,0,1
BRDA:241,37,0,3
BRDA:242,38,0,1
BRDA:243,39,0,1
BRDA:244,40,0,0
BRDA:247,41,0,3
BRDA:254,42,0,2
BRDA:108,43,0,32
BRDA:119,44,0,1
BRDA:109,45,0,30
BRDA:114,46,0,2
BRDA:117,47,0,0
BRDA:132,48,0,10
BRDA:133,49,0,1
BRDA:138,50,0,0
BRDA:154,51,0,40
BRDA:160,52,0,20
BRDA:171,53,0,2
BRDA:171,54,0,0
BRDA:174,55,0,5
BRDA:209,56,0,5
BRDA:210,57,0,5
BRDA:250,58,0,10
BRF:59
BRH:46
DA:1,4
DA:2,4
DA:3,4
DA:4,4
DA:5,4
DA:6,4
DA:7,4
DA:8,4
DA:9,4
DA:10,4
DA:11,4
DA:12,4
DA:13,4
DA:14,4
DA:15,4
DA:16,4
DA:17,4
DA:18,4
DA:19,4
DA:20,4
DA:21,4
DA:22,4
DA:23,4
DA:24,4
DA:25,4
DA:26,4
DA:27,4
DA:28,4
DA:29,4
DA:30,4
DA:31,4
DA:32,4
DA:33,4
DA:34,4
DA:35,4
DA:36,4
DA:37,4
DA:38,4
DA:39,4
DA:40,4
DA:41,4
DA:42,4
DA:43,4
DA:44,4
DA:45,4
DA:46,4
DA:47,4
DA:48,4
DA:49,4
DA:50,4
DA:51,4
DA:52,4
DA:53,4
DA:54,4
DA:55,4
DA:56,4
DA:57,4
DA:58,4
DA:59,4
DA:60,4
DA:61,4
DA:62,4
DA:63,4
DA:64,4
DA:65,4
DA:66,4
DA:67,4
DA:68,4
DA:69,4
DA:70,4
DA:71,4
DA:72,4
DA:73,4
DA:74,4
DA:75,16
DA:76,16
DA:77,16
DA:78,16
DA:79,16
DA:80,4
DA:81,12
DA:82,12
DA:83,12
DA:84,4
DA:85,4
DA:86,4
DA:87,4
DA:88,4
DA:89,4
DA:90,4
DA:91,4
DA:92,4
DA:93,4
DA:94,1
DA:95,1
DA:96,1
DA:97,1
DA:98,1
DA:99,1
DA:100,1
DA:101,1
DA:102,1
DA:103,1
DA:104,1
DA:105,4
DA:106,33
DA:107,33
DA:108,2
DA:109,32
DA:110,30
DA:111,30
DA:112,32
DA:113,32
DA:114,32
DA:115,2
DA:116,2
DA:117,2
DA:118,32
DA:119,32
DA:120,2
DA:121,33
DA:122,4
DA:123,1
DA:124,1
DA:125,1
DA:126,1
DA:127,1
DA:128,1
DA:129,1
DA:130,1
DA:131,1
DA:132,1
DA:133,1
DA:134,1
DA:135,1
DA:136,1
DA:137,1
DA:138,1
DA:139,1
DA:140,1
DA:141,1
DA:142,4
DA:143,4
DA:144,4
DA:145,4
DA:146,4
DA:147,4
DA:148,4
DA:149,4
DA:150,6
DA:151,6
DA:152,6
DA:153,40
DA:154,40
DA:155,40
DA:156,40
DA:157,40
DA:158,40
DA:159,40
DA:160,40
DA:161,40
DA:162,40
DA:163,40
DA:164,16
DA:165,16
DA:166,1
DA:167,6
DA:168,4
DA:169,5
DA:170,5
DA:171,5
DA:172,5
DA:173,5
DA:174,5
DA:175,5
DA:176,4
DA:177,5
DA:178,5
DA:179,5
DA:180,53
DA:181,53
DA:182,5
DA:183,4
DA:184,4
DA:185,4
DA:186,4
DA:187,4
DA:188,4
DA:189,4
DA:190,4
DA:191,4
DA:192,4
DA:193,4
DA:194,4
DA:195,4
DA:196,4
DA:197,4
DA:198,4
DA:199,4
DA:200,4
DA:201,4
DA:202,4
DA:203,4
DA:204,4
DA:205,4
DA:206,4
DA:207,4
DA:208,4
DA:209,4
DA:210,4
DA:211,4
DA:212,4
DA:213,4
DA:214,4
DA:215,4
DA:216,4
DA:217,3
DA:218,3
DA:219,3
DA:220,3
DA:221,4
DA:222,2
DA:223,2
DA:224,2
DA:225,2
DA:226,2
DA:227,2
DA:228,2
DA:229,2
DA:230,2
DA:231,2
DA:232,1
DA:233,1
DA:234,1
DA:235,1
DA:236,1
DA:237,1
DA:238,1
DA:239,2
DA:240,2
DA:241,2
DA:242,4
DA:243,4
DA:244,1
DA:245,1
DA:246,1
DA:247,4
DA:248,4
DA:249,4
DA:250,4
DA:251,4
DA:252,4
DA:253,4
DA:254,4
DA:255,2
DA:256,4
LH:256
LF:256
end_of_record
SF:packages/@ezcorp/factory-orchestrator/src/queue-client.ts
FN:10,record
FN:15,boundedText
FN:20,encodedBytes
FN:24,parseCommand
FN:34,parseClaim
FN:39,json
FN:45,createGatewayFactoryCommandQueue
FN:48,claim
FN:54,settle
FN:60,confirmInboxIdentity
FNDA:19,record
FNDA:55,boundedText
FNDA:7,encodedBytes
FNDA:37,parseCommand
FNDA:11,parseClaim
FNDA:15,json
FNDA:4,createGatewayFactoryCommandQueue
FNDA:24,claim
FNDA:5,settle
FNDA:2,confirmInboxIdentity
FNF:10
FNH:10
BRDA:1,0,0,4
BRDA:10,1,0,19
BRDA:11,2,0,18
BRDA:11,3,0,1
BRDA:11,4,0,18
BRDA:15,5,0,55
BRDA:16,6,0,54
BRDA:16,7,0,51
BRDA:16,8,0,6
BRDA:16,9,0,49
BRDA:20,10,0,7
BRDA:24,11,0,8
BRDA:26,12,0,37
BRDA:26,13,0,6
BRDA:27,14,0,1
BRDA:27,15,0,5
BRDA:28,16,0,4
BRDA:29,17,0,1
BRDA:29,18,0,3
BRDA:30,19,0,1
BRDA:30,20,0,2
BRDA:34,21,0,11
BRDA:39,22,0,15
BRDA:41,23,0,1
BRDA:45,24,0,4
BRDA:48,25,0,24
BRDA:50,26,0,13
BRDA:50,27,0,11
BRDA:50,28,0,13
BRDA:52,29,0,1
BRDA:52,30,0,11
BRDA:54,31,0,5
BRDA:55,32,0,2
BRDA:55,33,0,4
BRDA:56,34,0,1
BRDA:56,35,0,3
BRDA:57,36,0,1
BRDA:57,37,0,3
BRDA:60,38,0,2
BRDA:63,39,0,1
BRF:40
BRH:40
DA:1,4
DA:2,4
DA:3,4
DA:4,4
DA:5,4
DA:6,4
DA:7,4
DA:8,4
DA:9,4
DA:10,19
DA:11,19
DA:12,18
DA:13,19
DA:14,4
DA:15,55
DA:16,55
DA:17,49
DA:18,55
DA:19,4
DA:20,7
DA:21,7
DA:22,7
DA:23,4
DA:24,8
DA:25,8
DA:26,8
DA:27,8
DA:28,5
DA:29,8
DA:30,8
DA:31,2
DA:32,8
DA:33,4
DA:34,11
DA:35,11
DA:36,11
DA:37,11
DA:38,4
DA:39,15
DA:40,15
DA:41,15
DA:42,15
DA:43,4
DA:44,4
DA:45,4
DA:46,4
DA:47,4
DA:48,4
DA:49,24
DA:50,24
DA:51,13
DA:52,24
DA:53,4
DA:54,4
DA:55,5
DA:56,5
DA:57,5
DA:58,3
DA:59,4
DA:60,4
DA:61,2
DA:62,2
DA:63,2
DA:64,1
DA:65,4
DA:66,4
DA:67,4
LH:67
LF:67
end_of_record
SF:packages/@ezcorp/factory-orchestrator/src/transition-pages.ts
FN:32,splitTransitionContent
FN:45,validatePageReference
FN:51,persistTransition
FN:85,sameReference
FN:89,validateTransitionManifest
FN:98,loadTransitionArtifact
FNDA:12,splitTransitionContent
FNDA:27,validatePageReference
FNDA:6,persistTransition
FNDA:19,sameReference
FNDA:20,validateTransitionManifest
FNDA:21,loadTransitionArtifact
FNF:6
FNH:6
BRDA:1,0,0,2
BRDA:32,1,0,9
BRDA:34,2,0,1
BRDA:34,3,0,8
BRDA:36,4,0,12
BRDA:38,5,0,9
BRDA:38,6,0,5
BRDA:41,7,0,8
BRDA:45,8,0,27
BRDA:47,9,0,24
BRDA:47,10,0,3
BRDA:51,11,0,5
BRDA:63,12,0,1
BRDA:63,13,0,4
BRDA:65,14,0,6
BRDA:72,15,0,3
BRDA:73,16,0,2
BRDA:73,17,0,1
BRDA:75,18,0,3
BRDA:77,19,0,1
BRDA:77,20,0,2
BRDA:78,21,0,1
BRDA:78,22,0,1
BRDA:79,23,0,0
BRDA:81,24,0,1
BRDA:85,25,0,19
BRDA:86,26,0,18
BRDA:86,27,0,18
BRDA:89,28,0,20
BRDA:90,29,0,19
BRDA:90,30,0,2
BRDA:90,31,0,18
BRDA:91,32,0,17
BRDA:91,33,0,17
BRDA:91,34,0,17
BRDA:91,35,0,17
BRDA:91,36,0,1
BRDA:91,37,0,17
BRDA:92,38,0,16
BRDA:92,39,0,2
BRDA:92,40,0,15
BRDA:93,41,0,14
BRDA:93,42,0,2
BRDA:93,43,0,13
BRDA:94,44,0,12
BRDA:94,45,0,2
BRDA:94,46,0,11
BRDA:95,47,0,10
BRDA:98,48,0,21
BRDA:100,49,0,20
BRDA:104,50,0,10
BRDA:107,51,0,8
BRDA:107,52,0,1
BRDA:107,53,0,8
BRDA:109,54,0,7
BRDA:109,55,0,2
BRDA:109,56,0,6
BRDA:112,57,0,6
BRDA:113,58,0,1
BRDA:113,59,0,5
BRDA:115,60,0,1
BRDA:115,61,0,4
BRDA:116,62,0,1
BRDA:116,63,0,3
BRDA:117,64,0,3
BRDA:117,65,0,2
BRDA:117,66,0,2
BRDA:117,67,0,2
BRDA:117,68,0,1
BRDA:117,69,0,2
BRDA:119,70,0,1
BRDA:119,71,0,1
BRF:72
BRH:71
DA:1,2
DA:2,2
DA:3,2
DA:4,2
DA:5,2
DA:6,2
DA:7,2
DA:8,2
DA:9,2
DA:10,2
DA:11,2
DA:12,2
DA:13,2
DA:14,2
DA:15,2
DA:16,2
DA:17,2
DA:18,2
DA:19,2
DA:20,2
DA:21,2
DA:22,2
DA:23,2
DA:24,2
DA:25,2
DA:26,2
DA:27,2
DA:28,2
DA:29,2
DA:30,2
DA:31,2
DA:32,2
DA:33,9
DA:34,9
DA:35,8
DA:36,9
DA:37,12
DA:38,12
DA:39,12
DA:40,12
DA:41,12
DA:42,8
DA:43,9
DA:44,2
DA:45,27
DA:46,27
DA:47,27
DA:48,27
DA:49,2
DA:50,2
DA:51,2
DA:52,5
DA:53,5
DA:54,5
DA:55,5
DA:56,5
DA:57,5
DA:58,5
DA:59,5
DA:60,5
DA:61,5
DA:62,5
DA:63,5
DA:64,4
DA:65,5
DA:66,6
DA:67,6
DA:68,6
DA:69,6
DA:70,6
DA:71,6
DA:72,6
DA:73,5
DA:74,5
DA:75,5
DA:76,3
DA:77,5
DA:78,5
DA:79,5
DA:80,5
DA:81,5
DA:82,1
DA:83,5
DA:84,2
DA:85,19
DA:86,19
DA:87,19
DA:88,2
DA:89,20
DA:90,20
DA:91,20
DA:92,20
DA:93,20
DA:94,20
DA:95,11
DA:96,20
DA:97,2
DA:98,2
DA:99,21
DA:100,21
DA:101,20
DA:102,20
DA:103,20
DA:104,21
DA:105,10
DA:106,10
DA:107,10
DA:108,8
DA:109,10
DA:110,6
DA:111,6
DA:112,6
DA:113,21
DA:114,5
DA:115,21
DA:116,21
DA:117,21
DA:118,2
DA:119,21
DA:120,1
DA:121,21
LH:121
LF:121
end_of_record
SF:packages/@ezcorp/factory-orchestrator/src/validation.ts
FN:21,requiredIdentity
FN:25,boundedInteger
FN:29,digest
FN:33,encodedBytes
FN:37,assertActivityPayloadSize
FN:41,assertCommandBatchSize
FN:45,validateObjectReference
FN:52,validateDefinitionSource
FN:59,isPartitionSource
FN:63,validatePartitionSource
FN:71,validateManifestPage
FN:84,validateLoadedDefinitionPage
FN:90,validateDurableInput
FN:107,validateWorkflowInput
FN:128,validateCompiledFactoryShape
FN:136,validateInboxEnvelope
FN:146,validateInboxEvent
FN:156,anonymous_17
FN:165,anonymous_18
FN:170,assertContinuationSize
FNDA:1912,requiredIdentity
FNDA:2278,boundedInteger
FNDA:2320,digest
FNDA:56,encodedBytes
FNDA:54,assertActivityPayloadSize
FNDA:2,assertCommandBatchSize
FNDA:1711,validateObjectReference
FNDA:38,validateDefinitionSource
FNDA:39,isPartitionSource
FNDA:14,validatePartitionSource
FNDA:539,validateManifestPage
FNDA:13,validateLoadedDefinitionPage
FNDA:2,validateDurableInput
FNDA:37,validateWorkflowInput
FNDA:3,validateCompiledFactoryShape
FNDA:27,validateInboxEnvelope
FNDA:40,validateInboxEvent
FNDA:66,anonymous_17
FNDA:7,anonymous_18
FNDA:2,assertContinuationSize
FNF:20
FNH:20
BRDA:1,0,0,11
BRDA:21,1,0,1912
BRDA:22,2,0,147
BRDA:22,3,0,12
BRDA:25,4,0,2278
BRDA:26,5,0,49
BRDA:26,6,0,4
BRDA:29,7,0,2320
BRDA:30,8,0,7
BRDA:33,9,0,56
BRDA:37,10,0,54
BRDA:38,11,0,2
BRDA:41,12,0,2
BRDA:42,13,0,1
BRDA:45,14,0,1711
BRDA:46,15,0,2
BRDA:46,16,0,36
BRDA:52,17,0,38
BRDA:53,18,0,1
BRDA:53,19,0,13
BRDA:59,20,0,39
BRDA:60,21,0,23
BRDA:63,22,0,14
BRDA:64,23,0,1
BRDA:64,24,0,7
BRDA:71,25,0,539
BRDA:72,26,0,7
BRDA:72,27,0,6
BRDA:72,28,0,3
BRDA:72,29,0,5
BRDA:76,30,0,1
BRDA:76,31,0,4
BRDA:79,32,0,3
BRDA:79,33,0,2
BRDA:80,34,0,2
BRDA:81,35,0,522
BRDA:77,36,0,528
BRDA:84,37,0,13
BRDA:85,38,0,3
BRDA:85,39,0,1
BRDA:85,40,0,3
BRDA:86,41,0,2
BRDA:86,42,0,2
BRDA:86,43,0,1
BRDA:86,44,0,2
BRDA:87,45,0,1
BRDA:90,46,0,2
BRDA:91,47,0,0
BRDA:93,48,0,0
BRDA:96,49,0,0
BRDA:98,50,0,0
BRDA:99,51,0,0
BRDA:101,52,0,0
BRDA:104,53,0,1
BRDA:107,54,0,37
BRDA:112,55,0,17
BRDA:112,56,0,2
BRDA:112,57,0,16
BRDA:113,58,0,3
BRDA:113,59,0,2
BRDA:113,60,0,2
BRDA:113,61,0,14
BRDA:115,62,0,2
BRDA:115,63,0,12
BRDA:116,64,0,5
BRDA:116,65,0,15
BRDA:117,66,0,12
BRDA:118,67,0,8
BRDA:118,68,0,12
BRDA:119,69,0,8
BRDA:119,70,0,5
BRDA:119,71,0,1
BRDA:119,72,0,11
BRDA:120,73,0,7
BRDA:120,74,0,4
BRDA:120,75,0,2
BRDA:120,76,0,1
BRDA:120,77,0,1
BRDA:120,78,0,10
BRDA:121,79,0,6
BRDA:121,80,0,3
BRDA:122,81,0,1
BRDA:122,82,0,2
BRDA:124,83,0,8
BRDA:125,84,0,4
BRDA:125,85,0,3
BRDA:125,86,0,2
BRDA:118,87,0,0
BRDA:128,88,0,3
BRDA:130,89,0,2
BRDA:132,90,0,0
BRDA:132,91,0,0
BRDA:136,92,0,27
BRDA:137,93,0,2
BRDA:137,94,0,7
BRDA:138,95,0,6
BRDA:138,96,0,2
BRDA:138,97,0,13
BRDA:142,98,0,2
BRDA:142,99,0,18
BRDA:137,100,0,8
BRDA:146,101,0,40
BRDA:147,102,0,19
BRDA:147,103,0,27
BRDA:147,104,0,4
BRDA:147,105,0,17
BRDA:148,106,0,16
BRDA:148,107,0,24
BRDA:148,108,0,3
BRDA:148,109,0,14
BRDA:149,110,0,12
BRDA:149,111,0,3
BRDA:149,112,0,20
BRDA:150,113,0,1
BRDA:150,114,0,10
BRDA:151,115,0,7
BRDA:151,116,0,6
BRDA:153,117,0,1
BRDA:153,118,0,5
BRDA:154,119,0,1
BRDA:154,120,0,5
BRDA:155,121,0,3
BRDA:155,122,0,2
BRDA:156,123,0,1
BRDA:156,124,0,4
BRDA:157,125,0,3
BRDA:163,126,0,2
BRDA:163,127,0,1
BRDA:163,128,0,2
BRDA:165,129,0,1
BRDA:147,130,0,9
BRDA:148,131,0,9
BRDA:150,132,0,9
BRDA:156,133,0,66
BRDA:165,134,0,7
BRDA:170,135,0,2
BRDA:172,136,0,1
BRF:137
BRH:128
DA:1,11
DA:2,11
DA:3,11
DA:4,11
DA:5,11
DA:6,11
DA:7,11
DA:8,11
DA:9,11
DA:10,11
DA:11,11
DA:12,11
DA:13,11
DA:14,11
DA:15,11
DA:16,11
DA:17,11
DA:18,11
DA:19,11
DA:20,11
DA:21,1912
DA:22,1912
DA:23,1912
DA:24,11
DA:25,2278
DA:26,2278
DA:27,2278
DA:28,11
DA:29,2320
DA:30,2320
DA:31,2320
DA:32,11
DA:33,56
DA:34,56
DA:35,56
DA:36,11
DA:37,11
DA:38,54
DA:39,54
DA:40,11
DA:41,11
DA:42,2
DA:43,2
DA:44,11
DA:45,11
DA:46,1711
DA:47,36
DA:48,36
DA:49,36
DA:50,1711
DA:51,11
DA:52,11
DA:53,38
DA:54,13
DA:55,13
DA:56,13
DA:57,38
DA:58,11
DA:59,11
DA:60,39
DA:61,39
DA:62,11
DA:63,11
DA:64,14
DA:65,7
DA:66,7
DA:67,7
DA:68,7
DA:69,14
DA:70,11
DA:71,11
DA:72,539
DA:73,5
DA:74,5
DA:75,5
DA:76,539
DA:77,4
DA:78,528
DA:79,528
DA:80,528
DA:81,539
DA:82,539
DA:83,11
DA:84,11
DA:85,13
DA:86,13
DA:87,13
DA:88,13
DA:89,11
DA:90,2
DA:91,2
DA:92,2
DA:93,2
DA:94,2
DA:95,2
DA:96,2
DA:97,2
DA:98,2
DA:99,2
DA:100,2
DA:101,2
DA:102,2
DA:103,2
DA:104,2
DA:105,2
DA:106,11
DA:107,11
DA:108,37
DA:109,37
DA:110,37
DA:111,37
DA:112,37
DA:113,37
DA:114,14
DA:115,37
DA:116,37
DA:117,15
DA:118,37
DA:119,37
DA:120,37
DA:121,37
DA:122,3
DA:123,2
DA:124,2
DA:125,37
DA:126,37
DA:127,11
DA:128,11
DA:129,3
DA:130,3
DA:131,2
DA:132,2
DA:133,2
DA:134,3
DA:135,11
DA:136,11
DA:137,27
DA:138,27
DA:139,13
DA:140,13
DA:141,13
DA:142,27
DA:143,18
DA:144,27
DA:145,11
DA:146,11
DA:147,40
DA:148,40
DA:149,40
DA:150,40
DA:151,40
DA:152,6
DA:153,6
DA:154,6
DA:155,6
DA:156,6
DA:157,6
DA:158,3
DA:159,3
DA:160,3
DA:161,3
DA:162,3
DA:163,3
DA:164,2
DA:165,3
DA:166,3
DA:167,6
DA:168,40
DA:169,11
DA:170,11
DA:171,2
DA:172,2
DA:173,2
LH:173
LF:173
end_of_record
SF:packages/@ezcorp/factory-orchestrator/src/worker.ts
FN:14,createFactoryWorker
FNDA:22,createFactoryWorker
FNF:1
FNH:1
BRDA:1,0,0,5
BRDA:14,1,0,22
BRDA:15,2,0,0
BRF:3
BRH:2
DA:1,5
DA:2,5
DA:3,5
DA:4,5
DA:5,5
DA:6,5
DA:7,5
DA:8,5
DA:9,5
DA:10,5
DA:11,5
DA:12,5
DA:13,5
DA:14,5
DA:15,22
DA:16,22
DA:17,22
DA:18,22
DA:19,22
DA:20,22
DA:21,22
DA:22,22
DA:23,22
DA:24,22
DA:25,22
DA:26,22
LH:26
LF:26
end_of_record
SF:packages/@ezcorp/factory-transport/src/index.ts
FN:31,encoded
FN:46,<instance_members_initializer>
FN:48,GatewayStatusError
FN:55,requireSuccess
FN:60,createTransport
FN:67,request
FN:69,anonymous_6
FN:87,anonymous_7
FN:90,anonymous_8
FN:95,anonymous_9
FN:98,anonymous_10
FN:99,anonymous_11
FN:108,loadCredentials
FN:118,createGatewayTransport
FN:126,request
FN:127,anonymous_15
FNDA:2,encoded
FNDA:1,<instance_members_initializer>
FNDA:1,GatewayStatusError
FNDA:5,requireSuccess
FNDA:8,createTransport
FNDA:8,request
FNDA:8,anonymous_6
FNDA:7,anonymous_7
FNDA:10,anonymous_8
FNDA:5,anonymous_9
FNDA:1,anonymous_10
FNDA:8,anonymous_11
FNDA:13,loadCredentials
FNDA:15,createGatewayTransport
FNDA:24,request
FNDA:103,anonymous_15
FNF:16
FNH:16
BRDA:1,0,0,1
BRDA:31,1,0,2
BRDA:33,2,0,1
BRDA:46,3,0,1
BRDA:48,4,0,1
BRDA:55,5,0,5
BRDA:56,6,0,1
BRDA:56,7,0,4
BRDA:60,8,0,8
BRDA:67,9,0,8
BRDA:69,10,0,8
BRDA:78,11,0,1
BRDA:78,12,0,7
BRDA:83,13,0,1
BRDA:83,14,0,7
BRDA:101,15,0,1
BRDA:87,16,0,7
BRDA:90,17,0,10
BRDA:92,18,0,1
BRDA:92,19,0,9
BRDA:95,20,0,5
BRDA:95,21,0,0
BRDA:98,22,0,1
BRDA:99,23,0,8
BRDA:108,24,0,13
BRDA:113,25,0,2
BRDA:113,26,0,11
BRDA:118,27,0,15
BRDA:121,28,0,14
BRDA:121,29,0,13
BRDA:121,30,0,13
BRDA:121,31,0,12
BRDA:121,32,0,11
BRDA:121,33,0,5
BRDA:121,34,0,10
BRDA:122,35,0,2
BRDA:123,36,0,7
BRDA:123,37,0,5
BRDA:123,38,0,6
BRDA:123,39,0,4
BRDA:124,40,0,3
BRDA:126,41,0,24
BRDA:127,42,0,22
BRDA:127,43,0,21
BRDA:127,44,0,20
BRDA:127,45,0,19
BRDA:127,46,0,7
BRDA:127,47,0,17
BRDA:129,48,0,0
BRDA:129,49,0,17
BRDA:130,50,0,14
BRDA:130,51,0,12
BRDA:130,52,0,6
BRDA:130,53,0,11
BRDA:132,54,0,9
BRDA:132,55,0,2
BRDA:133,56,0,2
BRDA:134,57,0,8
BRDA:135,58,0,7
BRDA:136,59,0,5
BRDA:127,60,0,103
BRF:61
BRH:59
DA:1,1
DA:2,1
DA:3,1
DA:4,1
DA:5,1
DA:6,1
DA:7,1
DA:8,1
DA:9,1
DA:10,1
DA:11,1
DA:12,1
DA:13,1
DA:14,1
DA:15,1
DA:16,1
DA:17,1
DA:18,1
DA:19,1
DA:20,1
DA:21,1
DA:22,1
DA:23,1
DA:24,1
DA:25,1
DA:26,1
DA:27,1
DA:28,1
DA:29,1
DA:30,1
DA:31,2
DA:32,2
DA:33,2
DA:34,1
DA:35,2
DA:36,1
DA:37,1
DA:38,1
DA:39,1
DA:40,1
DA:41,1
DA:42,1
DA:43,1
DA:44,1
DA:45,1
DA:46,1
DA:47,1
DA:48,1
DA:49,1
DA:50,1
DA:51,1
DA:52,1
DA:53,1
DA:54,1
DA:55,5
DA:56,5
DA:57,4
DA:58,5
DA:59,1
DA:60,8
DA:61,8
DA:62,8
DA:63,8
DA:64,8
DA:65,8
DA:66,8
DA:67,8
DA:68,8
DA:69,8
DA:70,8
DA:71,8
DA:72,8
DA:73,8
DA:74,8
DA:75,8
DA:76,8
DA:77,8
DA:78,8
DA:79,8
DA:80,8
DA:81,8
DA:82,8
DA:83,8
DA:84,8
DA:85,8
DA:86,8
DA:87,8
DA:88,7
DA:89,7
DA:90,7
DA:91,10
DA:92,10
DA:93,9
DA:94,7
DA:95,7
DA:96,7
DA:97,8
DA:98,8
DA:99,8
DA:100,8
DA:101,8
DA:102,8
DA:103,8
DA:104,8
DA:105,8
DA:106,8
DA:107,1
DA:108,13
DA:109,13
DA:110,13
DA:111,13
DA:112,13
DA:113,13
DA:114,11
DA:115,13
DA:116,1
DA:117,1
DA:118,1
DA:119,15
DA:120,15
DA:121,15
DA:122,15
DA:123,15
DA:124,4
DA:125,3
DA:126,3
DA:127,24
DA:128,17
DA:129,24
DA:130,24
DA:131,11
DA:132,24
DA:133,24
DA:134,24
DA:135,24
DA:136,24
DA:137,3
DA:138,3
DA:139,15
LH:139
LF:139
end_of_record
SF:src/factory/file-key-wraps.ts
FN:32,keyInvalid
FN:33,validIdentifier
FN:34,exactKeys
FN:36,anonymous_3
FN:38,canonicalBase64
FN:45,parseFactoryKeyWrapFile
FN:52,anonymous_6
FN:63,readPrivateKeyWrapFile
FN:76,<instance_members_initializer>
FN:77,ReadonlyFileKeyWrapStore
FN:78,load
FN:79,anonymous_11
FN:80,anonymous_12
FN:82,save
FN:89,loadFactoryTemporalPayloadCodec
FN:91,anonymous_15
FNDA:3,keyInvalid
FNDA:39,validIdentifier
FNDA:10,exactKeys
FNDA:34,anonymous_3
FNDA:3,canonicalBase64
FNDA:6,parseFactoryKeyWrapFile
FNDA:4,anonymous_6
FNDA:9,readPrivateKeyWrapFile
FNDA:3,<instance_members_initializer>
FNDA:3,ReadonlyFileKeyWrapStore
FNDA:2,load
FNDA:2,anonymous_11
FNDA:2,anonymous_12
FNDA:0,save
FNDA:9,loadFactoryTemporalPayloadCodec
FNDA:1,anonymous_15
FNF:16
FNH:15
BRDA:1,0,0,2
BRDA:32,1,0,3
BRDA:33,2,0,39
BRDA:34,3,0,10
BRDA:36,4,0,34
BRDA:38,5,0,3
BRDA:39,6,0,0
BRDA:41,7,0,0
BRDA:45,8,0,6
BRDA:47,9,0,0
BRDA:49,10,0,5
BRDA:50,11,0,5
BRDA:50,12,0,4
BRDA:50,13,0,2
BRDA:50,14,0,4
BRDA:52,15,0,4
BRDA:55,16,0,3
BRDA:55,17,0,3
BRDA:55,18,0,3
BRDA:55,19,0,1
BRDA:55,20,0,3
BRDA:57,21,0,0
BRDA:57,22,0,3
BRDA:63,23,0,9
BRDA:69,24,0,2
BRDA:70,25,0,1
BRDA:76,26,0,3
BRDA:77,27,0,3
BRDA:78,28,0,2
BRDA:79,29,0,0
BRDA:79,30,0,2
BRDA:80,31,0,2
BRDA:89,32,0,9
BRDA:93,33,0,0
BRDA:95,34,0,7
BRDA:96,35,0,3
BRDA:96,36,0,2
BRDA:96,37,0,1
BRDA:96,38,0,6
BRDA:98,39,0,2
BRDA:99,40,0,1
BRDA:91,41,0,1
BRF:42
BRH:36
DA:1,2
DA:2,2
DA:3,2
DA:4,2
DA:5,2
DA:6,2
DA:7,2
DA:8,2
DA:9,2
DA:10,2
DA:11,2
DA:12,2
DA:13,2
DA:14,2
DA:15,2
DA:16,2
DA:17,2
DA:18,2
DA:19,2
DA:20,2
DA:21,2
DA:22,2
DA:23,2
DA:24,2
DA:25,2
DA:26,2
DA:27,2
DA:28,2
DA:29,2
DA:30,2
DA:31,2
DA:32,3
DA:33,39
DA:34,10
DA:35,10
DA:36,10
DA:37,10
DA:38,3
DA:39,3
DA:40,3
DA:41,3
DA:42,3
DA:43,2
DA:44,2
DA:45,2
DA:46,6
DA:47,6
DA:48,6
DA:49,6
DA:50,6
DA:51,4
DA:52,4
DA:53,4
DA:54,4
DA:55,4
DA:56,3
DA:57,4
DA:58,3
DA:59,3
DA:60,4
DA:61,6
DA:62,2
DA:63,9
DA:64,9
DA:65,9
DA:66,9
DA:67,9
DA:68,9
DA:69,9
DA:70,2
DA:71,1
DA:72,1
DA:73,9
DA:74,2
DA:75,2
DA:76,2
DA:77,2
DA:78,2
DA:79,2
DA:80,2
DA:81,2
DA:82,2
DA:83,2
DA:84,2
DA:85,2
DA:86,2
DA:87,2
DA:88,2
DA:89,2
DA:90,9
DA:91,9
DA:92,9
DA:93,9
DA:94,9
DA:95,9
DA:96,9
DA:97,6
DA:98,6
DA:99,2
DA:100,1
DA:101,9
LH:101
LF:101
end_of_record
SF:src/factory/orchestration-process.ts
FN:44,exact
FN:47,anonymous_1
FN:50,record
FN:54,optionalKeys
FN:56,anonymous_4
FN:56,anonymous_5
FN:59,text
FN:63,integer
FN:68,parseFactoryOrchestratorProcessConfig
FN:78,anonymous_9
FN:87,anonymous_10
FN:93,anonymous_11
FN:97,readPrivatePath
FN:104,loadFactoryTemporalCredentials
FN:117,runConfiguredFactoryOrchestrator
FN:134,loadTemporalCredentials
FN:141,once
FN:142,removeListener
FN:143,fail
FN:146,runFactoryOrchestratorMain
FN:153,stop
FN:160,startFactoryOrchestratorMain
FNDA:7,exact
FNDA:24,anonymous_1
FNDA:22,record
FNDA:15,optionalKeys
FNDA:85,anonymous_4
FNDA:116,anonymous_5
FNDA:76,text
FNDA:22,integer
FNDA:6,parseFactoryOrchestratorProcessConfig
FNDA:30,anonymous_9
FNDA:12,anonymous_10
FNDA:2,anonymous_11
FNDA:13,readPrivatePath
FNDA:3,loadFactoryTemporalCredentials
FNDA:1,runConfiguredFactoryOrchestrator
FNDA:2,loadTemporalCredentials
FNDA:0,once
FNDA:0,removeListener
FNDA:0,fail
FNDA:3,runFactoryOrchestratorMain
FNDA:1,stop
FNDA:2,startFactoryOrchestratorMain
FNF:22
FNH:19
BRDA:1,0,0,1
BRDA:44,1,0,7
BRDA:47,2,0,6
BRDA:47,3,0,24
BRDA:50,4,0,22
BRDA:54,5,0,15
BRDA:56,6,0,85
BRDA:56,7,0,116
BRDA:59,8,0,76
BRDA:60,9,0,75
BRDA:60,10,0,75
BRDA:63,11,0,22
BRDA:68,12,0,6
BRDA:71,13,0,5
BRDA:71,14,0,5
BRDA:71,15,0,5
BRDA:71,16,0,5
BRDA:72,17,0,5
BRDA:73,18,0,5
BRDA:73,19,0,1
BRDA:73,20,0,5
BRDA:78,21,0,5
BRDA:79,22,0,4
BRDA:80,23,0,4
BRDA:80,24,0,1
BRDA:80,25,0,4
BRDA:84,26,0,4
BRDA:84,27,0,4
BRDA:85,28,0,4
BRDA:85,29,0,4
BRDA:86,30,0,4
BRDA:87,31,0,3
BRDA:87,32,0,1
BRDA:87,33,0,3
BRDA:91,34,0,3
BRDA:91,35,0,3
BRDA:91,36,0,3
BRDA:92,37,0,3
BRDA:92,38,0,3
BRDA:92,39,0,2
BRDA:93,40,0,2
BRDA:93,41,0,1
BRDA:93,42,0,2
BRDA:78,43,0,30
BRDA:87,44,0,12
BRDA:93,45,0,2
BRDA:97,46,0,13
BRDA:104,47,0,3
BRDA:112,48,0,2
BRDA:112,49,0,1
BRDA:112,50,0,2
BRDA:117,51,0,1
BRDA:125,52,0,0
BRDA:134,53,0,2
BRDA:146,54,0,3
BRDA:151,55,0,1
BRDA:151,56,0,2
BRDA:151,57,0,1
BRDA:153,58,0,1
BRDA:160,59,0,2
BRDA:165,60,0,1
BRF:61
BRH:60
DA:1,1
DA:2,1
DA:3,1
DA:4,1
DA:5,1
DA:6,1
DA:7,1
DA:8,1
DA:9,1
DA:10,1
DA:11,1
DA:12,1
DA:13,1
DA:14,1
DA:15,1
DA:16,1
DA:17,1
DA:18,1
DA:19,1
DA:20,1
DA:21,1
DA:22,1
DA:23,1
DA:24,1
DA:25,1
DA:26,1
DA:27,1
DA:28,1
DA:29,1
DA:30,1
DA:31,1
DA:32,1
DA:33,1
DA:34,1
DA:35,1
DA:36,1
DA:37,1
DA:38,1
DA:39,1
DA:40,1
DA:41,1
DA:42,1
DA:43,1
DA:44,7
DA:45,7
DA:46,7
DA:47,7
DA:48,7
DA:49,1
DA:50,22
DA:51,22
DA:52,22
DA:53,1
DA:54,15
DA:55,15
DA:56,15
DA:57,15
DA:58,1
DA:59,76
DA:60,76
DA:61,76
DA:62,1
DA:63,22
DA:64,22
DA:65,22
DA:66,1
DA:67,1
DA:68,1
DA:69,6
DA:70,6
DA:71,6
DA:72,6
DA:73,6
DA:74,5
DA:75,5
DA:76,5
DA:77,5
DA:78,6
DA:79,6
DA:80,6
DA:81,4
DA:82,4
DA:83,4
DA:84,6
DA:85,6
DA:86,6
DA:87,6
DA:88,3
DA:89,3
DA:90,3
DA:91,6
DA:92,6
DA:93,6
DA:94,2
DA:95,6
DA:96,1
DA:97,13
DA:98,13
DA:99,13
DA:100,13
DA:101,13
DA:102,13
DA:103,1
DA:104,1
DA:105,3
DA:106,3
DA:107,3
DA:108,3
DA:109,3
DA:110,3
DA:111,3
DA:112,3
DA:113,2
DA:114,2
DA:115,3
DA:116,1
DA:117,1
DA:118,1
DA:119,1
DA:120,1
DA:121,1
DA:122,1
DA:123,1
DA:124,1
DA:125,1
DA:126,1
DA:127,1
DA:128,1
DA:129,1
DA:130,1
DA:131,1
DA:132,1
DA:133,1
DA:134,1
DA:135,1
DA:136,1
DA:137,1
DA:138,1
DA:139,1
DA:140,1
DA:141,1
DA:142,1
DA:143,1
DA:144,1
DA:145,1
DA:146,1
DA:147,3
DA:148,3
DA:149,3
DA:150,3
DA:151,3
DA:152,1
DA:153,1
DA:154,1
DA:155,1
DA:156,1
DA:157,1
DA:158,3
DA:159,1
DA:160,1
DA:161,2
DA:162,2
DA:163,2
DA:164,2
DA:165,2
DA:166,1
DA:167,1
DA:168,2
DA:169,1
DA:170,1
LH:170
LF:170
end_of_record
SF:src/factory/orchestration-readiness-writer.ts
FN:17,validScope
FN:22,createFactoryOrchestrationReadinessWriter
FN:36,write
FNDA:20,validScope
FNDA:5,createFactoryOrchestrationReadinessWriter
FNDA:7,write
FNF:3
FNH:3
BRDA:1,0,0,2
BRDA:17,1,0,20
BRDA:22,2,0,5
BRDA:26,3,0,0
BRDA:28,4,0,3
BRDA:28,5,0,1
BRDA:30,6,0,3
BRDA:33,7,0,3
BRDA:33,8,0,0
BRDA:33,9,0,3
BRDA:36,10,0,7
BRDA:40,11,0,2
BRDA:40,12,0,1
BRDA:40,13,0,1
BRDA:40,14,0,1
BRDA:41,15,0,5
BRDA:41,16,0,2
BRDA:41,17,0,2
BRDA:43,18,0,4
BRDA:55,19,0,3
BRDA:55,20,0,1
BRDA:58,21,0,0
BRDA:58,22,0,4
BRDA:59,23,0,3
BRF:24
BRH:21
DA:1,2
DA:2,2
DA:3,2
DA:4,2
DA:5,2
DA:6,2
DA:7,2
DA:8,2
DA:9,2
DA:10,2
DA:11,2
DA:12,2
DA:13,2
DA:14,2
DA:15,2
DA:16,2
DA:17,20
DA:18,20
DA:19,20
DA:20,2
DA:21,2
DA:22,2
DA:23,5
DA:24,5
DA:25,5
DA:26,5
DA:27,5
DA:28,5
DA:29,1
DA:30,1
DA:31,3
DA:32,3
DA:33,5
DA:34,3
DA:35,3
DA:36,3
DA:37,7
DA:38,7
DA:39,7
DA:40,7
DA:41,7
DA:42,2
DA:43,2
DA:44,4
DA:45,4
DA:46,4
DA:47,4
DA:48,4
DA:49,4
DA:50,4
DA:51,4
DA:52,4
DA:53,4
DA:54,4
DA:55,7
DA:56,7
DA:57,7
DA:58,7
DA:59,4
DA:60,3
DA:61,3
DA:62,3
DA:63,5
LH:63
LF:63
end_of_record
TN:ezcorp-node-v8
SF:packages/@ezcorp/factory-orchestrator/src/workflow.ts
DA:2,4
DA:3,4
DA:5,4
DA:20,4
DA:37,4
DA:38,4
DA:39,4
DA:40,4
DA:41,4
DA:42,4
DA:44,4
DA:45,4
DA:46,4
DA:47,4
DA:48,4
DA:49,4
DA:50,4
DA:51,4
DA:52,4
DA:53,4
DA:54,4
DA:55,4
DA:56,4
DA:57,4
DA:58,4
DA:59,4
DA:60,4
DA:64,294
DA:65,294
DA:68,1
DA:69,1
DA:72,4
DA:73,4
DA:74,3
DA:75,1
DA:76,1
DA:79,1
DA:80,1
DA:81,1
DA:82,1
DA:83,1
DA:84,1
DA:85,1
DA:86,1
DA:87,1
DA:88,1
DA:89,1
DA:93,1
DA:94,1
DA:95,1
DA:97,1
DA:100,291
DA:101,291
DA:102,291
DA:103,291
DA:105,291
DA:106,1
DA:107,1
DA:108,1
DA:109,1
DA:110,1
DA:111,1
DA:112,1
DA:113,1
DA:114,1
DA:115,1
DA:116,1
DA:117,1
DA:118,1
DA:119,1
DA:122,291
DA:123,291
DA:124,291
DA:125,1
DA:126,1
DA:130,298
DA:131,298
DA:134,6
DA:135,6
DA:136,6
DA:139,3
DA:140,3
DA:141,1
DA:145,4
DA:146,4
DA:147,4
DA:148,4
DA:149,1
DA:151,4
DA:152,4
DA:153,4
DA:154,3
DA:155,3
DA:156,3
DA:157,3
DA:159,4
DA:160,1
DA:162,4
DA:163,4
DA:164,4
DA:165,3
DA:166,3
DA:167,4
DA:168,1
DA:170,4
DA:171,2
DA:172,4
DA:173,4
DA:174,4
DA:175,4
DA:176,4
DA:177,4
DA:178,4
DA:179,4
DA:180,4
DA:181,4
DA:182,4
DA:183,4
DA:184,4
DA:185,4
DA:186,4
DA:188,4
DA:189,4
DA:190,4
DA:192,146
DA:193,146
DA:194,146
DA:195,146
DA:196,1
DA:197,1
DA:198,1
DA:199,1
DA:200,146
DA:201,146
DA:203,291
DA:204,291
DA:205,291
DA:206,291
DA:207,291
DA:208,291
DA:209,291
DA:210,291
DA:211,291
DA:212,291
DA:214,612
DA:215,895
DA:216,612
DA:218,4
DA:219,3
DA:220,6
DA:221,6
DA:225,128
DA:226,128
DA:227,128
DA:228,128
DA:229,128
DA:230,128
DA:231,4
DA:232,4
DA:233,1
DA:234,1
DA:235,1
DA:237,317
DA:238,317
DA:239,317
DA:240,317
DA:241,317
DA:242,317
DA:243,317
DA:244,92
DA:245,22
DA:246,22
DA:248,295
DA:249,317
DA:250,317
DA:251,295
DA:252,295
DA:253,295
DA:254,295
DA:255,295
DA:256,295
DA:257,295
DA:258,295
DA:259,295
DA:260,295
DA:261,317
DA:263,295
DA:264,295
DA:265,295
DA:266,295
DA:267,295
DA:268,440
DA:269,440
DA:270,294
DA:271,291
DA:273,295
DA:274,295
DA:275,292
DA:276,2
DA:277,2
DA:278,2
LF:201
LH:201
end_of_record
